<?xml version="1.0" encoding="UTF-8"?>
<!-- Generated by org.testng.reporters.JUnitXMLReporter -->
<testsuite hostname="DESKTOP-C35QMNU" ignored="0" name="Test" tests="3" failures="2" timestamp="23 Apr 2020 00:05:25 GMT" time="17.336" errors="0">
  <testcase name="googleTitleValidation" time="11.411" classname="ExtentReports.ExtentReports.Test2">
    <failure type="java.lang.AssertionError" message="expected [true] but found [false]">
      <![CDATA[java.lang.AssertionError: expected [true] but found [false]
at ExtentReports.ExtentReports.Test2.googleTitleValidation(Test2.java:17)
at java.util.concurrent.ThreadPoolExecutor.runWorker(Unknown Source)
at java.util.concurrent.ThreadPoolExecutor$Worker.run(Unknown Source)
at java.lang.Thread.run(Unknown Source)
... Removed 14 stack frames]]>
    </failure>
  </testcase> <!-- googleTitleValidation -->
  <testcase name="editBoxValidation" time="12.352" classname="ExtentReports.ExtentReports.Test3">
    <failure type="java.lang.AssertionError" message="expected [true] but found [false]">
      <![CDATA[java.lang.AssertionError: expected [true] but found [false]
at ExtentReports.ExtentReports.Test3.editBoxValidation(Test3.java:19)
at java.util.concurrent.ThreadPoolExecutor.runWorker(Unknown Source)
at java.util.concurrent.ThreadPoolExecutor$Worker.run(Unknown Source)
at java.lang.Thread.run(Unknown Source)
... Removed 14 stack frames]]>
    </failure>
  </testcase> <!-- editBoxValidation -->
  <testcase name="initialDemo" time="17.12" classname="ExtentReports.ExtentReports.Test1"/>
</testsuite> <!-- Test -->
